
OpenSBI v0.4 (Jul  2 2019 11:53:53)
   ____                    _____ ____ _____
  / __ \                  / ____|  _ \_   _|
 | |  | |_ __   ___ _ __ | (___ | |_) || |
 | |  | | '_ \ / _ \ '_ \ \___ \|  _ < | |
 | |__| | |_) |  __/ | | |____) | |_) || |_
  \____/| .__/ \___|_| |_|_____/|____/_____|
        | |
        |_|

Platform Name          : QEMU Virt Machine
Platform HART Features : RV64ACDFIMSU
Platform Max HARTs     : 8
Current Hart           : 0
Firmware Base          : 0x80000000
Firmware Size          : 112 KB
Runtime SBI Version    : 0.1

PMP0: 0x0000000080000000-0x000000008001ffff (A)
PMP1: 0x0000000000000000-0xffffffffffffffff (A,R,W,X)
(THU.CST) os is loading ...

Special kernel symbols:
  entry  0xc0200032 (virtual)
  etext  0xc020489c (virtual)
  edata  0xc020a048 (virtual)
  end    0xc02156ac (virtual)
Kernel executable memory footprint: 86KB
memory management: buddy_system_pmm_manager
physcial memory map:
  memory: 0x07e00000, [0x80200000, 0x87ffffff].
vapaofset is 18446744070488326144
################################################################################
[自检程序]启动buddy_system内存管理器的启动自检程序
[自检程序]退出buddy_system内存管理器的启动自检程序
[自检程序]buddy_system内存管理器的工作正常
################################################################################
check_alloc_page() succeeded!
check_pgdir() succeeded!
check_boot_pgdir() succeeded!
use SLUB allocator
################################################################################
[自检程序]启动slub内存管理器的启动自检程序
[自检程序]退出slub内存管理器的启动自检程序
[自检程序]slub内存管理器的工作正常
################################################################################
kmalloc_init() succeeded!
check_vma_struct() succeeded!
Store/AMO page fault
page falut at 0x00000100: K/W
check_pgfault() succeeded!
check_vmm() succeeded.
alloc_proc() correct!
SWAP: manager = fifo swap manager
++ setup timer interrupts
this initproc, pid = 1, name = "init"
To U: "Hello world!!".
To U: "en.., Bye, Bye. :)"
kernel panic at kern/process/proc.c:389:
    process exit!!.

Welcome to the kernel debug monitor!!
Type 'help' for a list of commands.
